******************************************************************************
PSI3 started on buchner.chem.hope.edu at Fri Apr 29 14:03:10 2011

    -----------------------------------------------------------------------    
            PSI3: An Open-Source Ab Initio Electronic Structure Package 
                                Version 3.4 Alpha

    T. D. Crawford, C. D. Sherrill, E. F. Valeev, J. T. Fermann, R. A. King,
    M. L. Leininger, S. T. Brown, C. L. Janssen, E. T. Seidl, J. P. Kenny,
    and W. D. Allen, J. Comput. Chem. 28, 1610-1616 (2007)
    -----------------------------------------------------------------------    

PSI3 will perform a RHF SCF analytic frequency computation.

The following programs will be executed:

 input
 cints
 cscf
 transqt2
 cints --deriv2
 cints --oeprop
 cphf
 psiclean

******************************************************************************
INPUT tstart called on buchner.chem.hope.edu
Fri Apr 29 14:03:10 2011

                                --------------
                                    INPUT
                                --------------

  LABEL       =	C2H7ON-PSI(g)
  SHOWNORM    =	0
  PUREAM      =	0
  PRINT_LVL   =	1

  Parsed basis sets from /usr/local/psi/share/psi/pbasis.dat
Coordinates after reading z-matrices

           1           2           3

    1   0.0000000   0.0000000   0.0000000
    2   0.0000000   0.0000000   2.8899995
    3   2.6170834   0.0000000   3.8777026
    4   2.6103863  -0.0292736   5.8069088
    5   3.5334322   1.6190152   3.3624537
    6  -1.0526680   1.6284941   3.5923465
    7  -1.0022143  -1.6714664   3.5671638
    8  -1.8673988  -0.3753619  -0.7896579
    9   1.7060257  -1.9428934  -0.5826536
   10   2.7765573  -1.9727207   0.8752549
   11   0.6846515   1.7886900  -0.7623343

  -Geometry before Center-of-Mass shift (a.u.):
   Atom            X                  Y                   Z
  ------   -----------------  -----------------  -----------------
    C         0.000000000000     0.000000000000     0.000000000000
    C         0.000000000000     0.000000000000     2.889999528305
    N         2.617083416405     0.000000000000     3.877702642271
    H         2.610386322185    -0.029273594189     5.806908837846
    H         3.533432232138     1.619015190620     3.362453707745
    H        -1.052667988175     1.628494139467     3.592346491727
    H        -1.002214331389    -1.671466364630     3.567163841815
    H        -1.867398786514    -0.375361941795    -0.789657930607
    O         1.706025710354    -1.942893422318    -0.582653550715
    H         2.776557263046    -1.972720747542     0.875254939199
    H         0.684651549557     1.788690003794    -0.762334283316


  -Rotational constants (cm-1) :
    A =    0.46956  B =    0.20390  C =    0.16200
    It is an asymmetric top.

  -Geometry after Center-of-Mass shift and reorientation (a.u.):
   Atom            X                  Y                   Z
  ------   -----------------  -----------------  -----------------
    C        -1.543238428156    -1.164362380674     0.500805208435
    C         1.167461064318    -1.304091947012    -0.491505823148
    N         2.596818632113     0.994957348992     0.212761404321
    H         4.396597850807     0.908554659642    -0.477215174022
    H         2.756919710149     1.129313663332     2.131798358029
    H         2.093960256178    -2.998442316810     0.232490298722
    H         1.127590208341    -1.500199180136    -2.544975362630
    H        -2.751106824018    -2.635589598465    -0.291772153405
    O        -2.322655350147     1.248399705468    -0.271161184893
    H        -0.758079230768     2.151005399373    -0.370303343428
    H        -1.610447017879    -1.300475009723     2.556594495104


  -SYMMETRY INFORMATION:
    Computational point group is C1  
    Number of irr. rep.      = 1
    Number of atoms          = 11
    Number of unique atoms   = 11


  -BASIS SETS:

   -Basis set on unique center 1:
      ( (S (    71.61683700     0.15432897)
           (    13.04509600     0.53532814)
           (     3.53051220     0.44463454) )
        (S (     2.94124940    -0.09996723)
           (     0.68348310     0.39951283)
           (     0.22228990     0.70011547) )
        (P (     2.94124940     0.15591627)
           (     0.68348310     0.60768372)
           (     0.22228990     0.39195739) )
       )

   -Basis set on unique center 2:
      ( (S (    71.61683700     0.15432897)
           (    13.04509600     0.53532814)
           (     3.53051220     0.44463454) )
        (S (     2.94124940    -0.09996723)
           (     0.68348310     0.39951283)
           (     0.22228990     0.70011547) )
        (P (     2.94124940     0.15591627)
           (     0.68348310     0.60768372)
           (     0.22228990     0.39195739) )
       )

   -Basis set on unique center 3:
      ( (S (    99.10616900     0.15432897)
           (    18.05231200     0.53532814)
           (     4.88566020     0.44463454) )
        (S (     3.78045590    -0.09996723)
           (     0.87849660     0.39951283)
           (     0.28571440     0.70011547) )
        (P (     3.78045590     0.15591627)
           (     0.87849660     0.60768372)
           (     0.28571440     0.39195739) )
       )

   -Basis set on unique center 4:
      ( (S (     3.42525091     0.15432897)
           (     0.62391373     0.53532814)
           (     0.16885540     0.44463454) )
       )

   -Basis set on unique center 5:
      ( (S (     3.42525091     0.15432897)
           (     0.62391373     0.53532814)
           (     0.16885540     0.44463454) )
       )

   -Basis set on unique center 6:
      ( (S (     3.42525091     0.15432897)
           (     0.62391373     0.53532814)
           (     0.16885540     0.44463454) )
       )

   -Basis set on unique center 7:
      ( (S (     3.42525091     0.15432897)
           (     0.62391373     0.53532814)
           (     0.16885540     0.44463454) )
       )

   -Basis set on unique center 8:
      ( (S (     3.42525091     0.15432897)
           (     0.62391373     0.53532814)
           (     0.16885540     0.44463454) )
       )

   -Basis set on unique center 9:
      ( (S (   130.70932000     0.15432897)
           (    23.80886100     0.53532814)
           (     6.44360830     0.44463454) )
        (S (     5.03315130    -0.09996723)
           (     1.16959610     0.39951283)
           (     0.38038900     0.70011547) )
        (P (     5.03315130     0.15591627)
           (     1.16959610     0.60768372)
           (     0.38038900     0.39195739) )
       )

   -Basis set on unique center 10:
      ( (S (     3.42525091     0.15432897)
           (     0.62391373     0.53532814)
           (     0.16885540     0.44463454) )
       )

   -Basis set on unique center 11:
      ( (S (     3.42525091     0.15432897)
           (     0.62391373     0.53532814)
           (     0.16885540     0.44463454) )
       )


  -BASIS SET INFORMATION:
    Total number of shells = 19
    Number of primitives   = 57
    Number of AO           = 27
    Number of SO           = 27

    Irrep    Number of SO
    -----    ------------
      1           27

  -Contraction Scheme:
    Atom     All Primitives // Unique Primitives // Shells
    ----     ---------------------------------------------
       1      6s 3p //  6s //  2s 1p
       2      6s 3p //  6s //  2s 1p
       3      6s 3p //  6s //  2s 1p
       4      3s //  3s //  1s
       5      3s //  3s //  1s
       6      3s //  3s //  1s
       7      3s //  3s //  1s
       8      3s //  3s //  1s
       9      6s 3p //  6s //  2s 1p
      10      3s //  3s //  1s
      11      3s //  3s //  1s


  -Unique atoms in the canonical coordinate system (a.u.):
   Atom            X                  Y                   Z
  ------   -----------------  -----------------  -----------------
    C        -1.543238428156    -1.164362380674     0.500805208435
    C         1.167461064318    -1.304091947012    -0.491505823148
    N         2.596818632113     0.994957348992     0.212761404321
    H         4.396597850807     0.908554659642    -0.477215174022
    H         2.756919710149     1.129313663332     2.131798358029
    H         2.093960256178    -2.998442316810     0.232490298722
    H         1.127590208341    -1.500199180136    -2.544975362630
    H        -2.751106824018    -2.635589598465    -0.291772153405
    O        -2.322655350147     1.248399705468    -0.271161184893
    H        -0.758079230768     2.151005399373    -0.370303343428
    H        -1.610447017879    -1.300475009723     2.556594495104


  -Geometry in the canonical coordinate system (a.u.):
   Atom            X                  Y                   Z
  ------   -----------------  -----------------  -----------------
    C        -1.543238428156    -1.164362380674     0.500805208435
    C         1.167461064318    -1.304091947012    -0.491505823148
    N         2.596818632113     0.994957348992     0.212761404321
    H         4.396597850807     0.908554659642    -0.477215174022
    H         2.756919710149     1.129313663332     2.131798358029
    H         2.093960256178    -2.998442316810     0.232490298722
    H         1.127590208341    -1.500199180136    -2.544975362630
    H        -2.751106824018    -2.635589598465    -0.291772153405
    O        -2.322655350147     1.248399705468    -0.271161184893
    H        -0.758079230768     2.151005399373    -0.370303343428
    H        -1.610447017879    -1.300475009723     2.556594495104


  -Geometry in the canonical coordinate system (Angstrom):
   Atom            X                  Y                   Z
  ------   -----------------  -----------------  -----------------
    C        -0.816646665963    -0.616154081444     0.265014722485
    C         0.617793834330    -0.690095788963    -0.260093699361
    N         1.374177339894     0.526508792812     0.112588494632
    H         2.326579555649     0.480786455355    -0.252531412970
    H         1.458899187931     0.597607097620     1.128099190524
    H         1.108076127880    -1.586707456495     0.123028576697
    H         0.596695084449    -0.793871275096    -1.346743061169
    H        -1.455823140839    -1.394694053208    -0.154399185474
    O        -1.229096368566     0.660624721792    -0.143492329857
    H        -0.401158281862     1.138263119825    -0.195956104571
    H        -0.852211922582    -0.688181788038     1.352891641728


  -Geometry in the reference coordinate system (a.u.):
   Atom            X                  Y                   Z
  ------   -----------------  -----------------  -----------------
    C        -1.543238428156    -1.164362380674     0.500805208435
    C         1.167461064318    -1.304091947012    -0.491505823148
    N         2.596818632113     0.994957348992     0.212761404321
    H         4.396597850807     0.908554659642    -0.477215174022
    H         2.756919710149     1.129313663332     2.131798358029
    H         2.093960256178    -2.998442316810     0.232490298722
    H         1.127590208341    -1.500199180136    -2.544975362630
    H        -2.751106824018    -2.635589598465    -0.291772153405
    O        -2.322655350147     1.248399705468    -0.271161184893
    H        -0.758079230768     2.151005399373    -0.370303343428
    H        -1.610447017879    -1.300475009723     2.556594495104


  --------------------------------------------------------------------------

    Nuclear Repulsion Energy (a.u.) =     136.367019622682

  -The Interatomic Distances in angstroms:

           1           2           3           4           5           6           7           8           9          10

    1   0.0000000
    2   1.5293220   0.0000000
    3   2.4756054   1.4802482   0.0000000
    4   3.3691251   2.0714659   1.0210157   0.0000000
    5   2.7196029   2.0718872   1.0215159   1.6348263   0.0000000
    6   2.1602527   1.0913624   2.1299300   2.4290589   2.4299123   0.0000000
    7   2.1510187   1.0917973   2.1160177   2.4113382   2.9672297   1.7465190   0.0000000
    8   1.0911366   2.1926052   3.4309190   4.2229880   3.7562844   2.5860036   2.4485716   0.0000000
    9   1.4025537   2.2910795   2.6192744   3.5618903   2.9742623   3.2532923   2.6261922   2.0678151   0.0000000
   10   1.8609418   2.0941044   1.9029608   2.8064266   2.3463259   3.1312944   2.4603181   2.7440694   0.9572734   0.0000000
   11   1.0908387   2.1823479   2.8232312   3.7481442   2.6542455   2.4824667   3.0657021   1.7707150   2.0495087   2.4368586
          11

   11   0.0000000

    Note: To print *all* bond angles, out-of-plane
          angles, and torsion angles set print = 3


******************************************************************************
INPUT tstop called on buchner.chem.hope.edu
Fri Apr 29 14:03:10 2011

user time   =       0.05 seconds =       0.00 minutes
system time =       0.00 seconds =       0.00 minutes
total time  =          0 seconds =       0.00 minutes
******************************************************************************
cints tstart called on buchner.chem.hope.edu
Fri Apr 29 14:03:10 2011

                  --------------------------------------------
                    CINTS: An integrals program written in C
                     Justin T. Fermann and Edward F. Valeev
                  --------------------------------------------


  -OPTIONS:
    Print level                 = 1
    Integral tolerance          = 1e-15
    Max. memory to use          = 2500000 double words
    Number of threads           = 1
    LIBINT's real type length   = 64 bit

  -CALCULATION CONSTANTS:
    Label                       = C2H7ON-PSI(g)
    Number of atoms             = 11
    Number of atomic orbitals   = 27
    Number of symmetry orbitals = 27
    Maximum AM in the basis     = 1

  -SYMMETRY INFORMATION;
    Computational point group        = C1 
    Number of irreps                 = 1

    Wrote 70149 two-electron integrals to IWL file 33

******************************************************************************
cints tstop called on buchner.chem.hope.edu
Fri Apr 29 14:03:11 2011

user time   =       0.26 seconds =       0.00 minutes
system time =       0.01 seconds =       0.00 minutes
total time  =          1 seconds =       0.02 minutes
******************************************************************************
SCF tstart called on buchner.chem.hope.edu
Fri Apr 29 14:03:11 2011


             ------------------------------------------

                CSCF3.0: An SCF program written in C

              Written by too many people to mention here

             ------------------------------------------
  label        = C2H7ON-PSI(g)
  wfn          = SCF
  reference    = RHF
  multiplicity = 1
  charge       = 0
  direct       = false
  dertype      = SECOND
  convergence  = 12
  maxiter      = 100
  guess        = AUTO

  nuclear repulsion energy      136.3670196226823
  first run, so defaulting to core-hamiltonian guess

  level shift                      = 0.100000

  level shifting will stop after 10 cycles
  diis scale factor                = 1.000000
  iterations before extrapolation  = 0
  6 error matrices will be kept

  keeping integrals in 1146176 bytes of core

  The lowest eigenvalue of the overlap matrix was 2.125813e-01

  Using core guess to determine occupations


  Symmetry block:   A    
  DOCC:             17   
  SOCC:              0   

  reading integrals in the IWL format from files 33,35,36,37
  wrote 71243 integrals to file92

  iter       total energy        delta E         delta P          diiser
    1      -193.4266612187    3.297937e+02    0.000000e+00    0.000000e+00
    2      -195.1424288500    1.715768e+00    4.523397e-02    4.104016e-01
    3      -205.7331867416    1.059076e+01    2.975795e-02    7.673734e-01
    4      -206.3728760588    6.396893e-01    6.299574e-03    1.375901e-01
    5      -206.4216280060    4.875195e-02    1.846625e-03    6.223238e-02
    6      -206.4310558408    9.427835e-03    8.204016e-04    2.106004e-02
    7      -206.4327726131    1.716772e-03    2.792531e-04    1.266391e-02
    8      -206.4331011427    3.285297e-04    1.671640e-04    4.934369e-03
    9      -206.4331091872    8.044451e-06    3.109121e-05    5.524244e-04
   10      -206.4331094163    2.291092e-07    5.819630e-06    8.444243e-05
   11      -206.4331094209    4.648143e-09    7.611652e-07    1.297560e-05
   12      -206.4331094211    1.564331e-10    1.285918e-07    2.284648e-06
   13      -206.4331094211    1.318767e-11    3.967893e-08    6.924926e-07
   14      -206.4331094211    1.023182e-12    1.060214e-08    1.890490e-07
   15      -206.4331094211    5.684342e-14    2.326871e-09    5.012742e-08
   16      -206.4331094211   -3.979039e-13    1.025376e-09    1.989043e-08
   17      -206.4331094211    5.684342e-14    2.381396e-10    5.274992e-09
   18      -206.4331094211    3.979039e-13    7.291295e-11    1.171640e-09
   19      -206.4331094211   -3.410605e-13    1.557336e-11    2.598985e-10
   20      -206.4331094211    4.547474e-13    2.873730e-12    5.472802e-11
   21      -206.4331094211   -3.410605e-13    6.909213e-13    1.032470e-11

Orbital energies (a.u.):

  Doubly occupied orbitals
   1A     -20.212624     2A     -15.331851     3A     -11.085104  
   4A     -11.084148     5A      -1.280562     6A      -1.135372  
   7A      -0.930118     8A      -0.789598     9A      -0.648346  
  10A      -0.602616    11A      -0.578398    12A      -0.547269  
  13A      -0.499153    14A      -0.489632    15A      -0.377688  
  16A      -0.347199    17A      -0.325176  


  Unoccupied orbitals
  18A       0.551030    19A       0.606707    20A       0.615380  
  21A       0.671781    22A       0.702616    23A       0.740047  
  24A       0.745529    25A       0.766806    26A       0.779175  
  27A       0.804281  


      * SCF total energy   =    -206.433109421101
        kinetic energy     =     204.834832494618
        nuc. attr. energy  =    -757.905387736622
        elec. rep. energy  =     346.637445820903
        potential energy   =    -411.267941915719
        virial theorem     =       1.992257652220
        wavefunction norm  =       1.000000000000
******************************************************************************
SCF tstop called on buchner.chem.hope.edu
Fri Apr 29 14:03:11 2011

user time   =       0.05 seconds =       0.00 minutes
system time =       0.00 seconds =       0.00 minutes
total time  =          0 seconds =       0.00 minutes
******************************************************************************
TRANSQT tstart called on buchner.chem.hope.edu
Fri Apr 29 14:03:11 2011


	**************************************************
	* TRANSQT2: Program to transform integrals from  *
	*           the SO basis to the MO basis.        *
	*                                                *
	*            Daniel, David, & Justin             *
	**************************************************


	Input parameters:
	-----------------
	Wave function   =	SCF
	Backtransform   =	No
	Print Level     =	1
	Print TEIs      =	No
	Reference wfn   =	RHF
	Derivative      =	None
	Delete TEI File =	Yes
	Memory (Mbytes) =	256.0
	Cache Level     =	2
	Cache Type      =	LRU
	Chkpt Parameters:
	--------------------
	Number of irreps     = 1
	Number of SOs        = 27
	Number of MOs        = 27
	Number of active MOs = 27

	Label	# SOs	# FZDC	# DOCC	# SOCC	# VIRT	# FZVR
	-----	-----	------	------	------	------	------
	 A  	   27	    0	    17	    0	    10	    0

	Nuclear Rep. energy (chkpt) =    136.36701962268228
	SCF energy          (chkpt) =   -206.43310942110054

	Presorting SO-basis two-electron integrals.
	Sorting File: SO Ints (pq,rs) nbuckets = 1
	Frozen-core energy =    0.000000000000000
	Starting first half-transformation.
	Sorting half-transformed integrals.
	Starting second half-transformation.
	Two-electron integral transformation complete.
******************************************************************************
TRANSQT tstop called on buchner.chem.hope.edu
Fri Apr 29 14:03:11 2011

user time   =       0.10 seconds =       0.00 minutes
system time =       0.04 seconds =       0.00 minutes
total time  =          0 seconds =       0.00 minutes
******************************************************************************
cints tstart called on buchner.chem.hope.edu
Fri Apr 29 14:03:11 2011

                  --------------------------------------------
                    CINTS: An integrals program written in C
                     Justin T. Fermann and Edward F. Valeev
                  --------------------------------------------


  -OPTIONS:
    Print level                 = 1
    Integral tolerance          = 1e-15
    Max. memory to use          = 2500000 double words
    Number of threads           = 1
    LIBINT's real type length   = 64 bit

  -CALCULATION CONSTANTS:
    Label                       = C2H7ON-PSI(g)
    Number of atoms             = 11
    Number of atomic orbitals   = 27
    Number of symmetry orbitals = 27
    Maximum AM in the basis     = 1

  -SYMMETRY INFORMATION;
    Computational point group        = C1 
    Number of irreps                 = 1
******************************************************************************
cints tstop called on buchner.chem.hope.edu
Fri Apr 29 14:03:15 2011

user time   =       3.89 seconds =       0.06 minutes
system time =       0.03 seconds =       0.00 minutes
total time  =          4 seconds =       0.07 minutes
******************************************************************************
CPHF tstart called on buchner.chem.hope.edu
Fri Apr 29 14:03:15 2011

			**************************
			*                        *
			*          CPHF          *
			*                        *
			**************************

	Hartree-Fock Electric Dipole Moments:
	------------------------------------
	mu[0] =   1.013486 (e a0) =   2.576029 (debye)
	mu[1] =  -0.568444 (e a0) =  -1.444843 (debye)
	mu[2] =   0.282694 (e a0) =   0.718537 (debye)

	Total dipole moment (debye) =         3.0397028684

	Hartree-Fock Electric Polarizability Tensor [(e^2 a0^2)/E_h]:
	---------------------------------------------------------------

           1           2           3

    1  18.0979896   3.2537117  -0.6221170
    2   3.2537117  16.1075719   0.4000995
    3  -0.6221170   0.4000995  15.4684795

	Atomic Polar Tensor:

	Units: au

	Terms: Electronic

	     Ex		     Ey		     Ez
  Cx	 -5.796289	 -0.042850	 -0.016879
  Cy	  0.022435	 -5.724181	 -0.046624
  Cz	 -0.070510	 -0.009265	 -5.667279

  Cx	 -5.699759	  0.124694	  0.089635
  Cy	 -0.000937	 -5.749807	 -0.013701
  Cz	  0.119280	  0.055615	 -5.899684

  Nx	 -7.464431	 -0.022840	 -0.042611
  Ny	  0.102369	 -7.560892	  0.065318
  Nz	 -0.036126	  0.044977	 -7.199093

  Hx	 -1.037853	 -0.029142	  0.057436
  Hy	  0.056054	 -0.790643	 -0.095687
  Hz	 -0.042700	 -0.090070	 -0.847514

  Hx	 -0.878342	 -0.087834	 -0.060735
  Hy	 -0.066587	 -0.794651	  0.065352
  Hz	 -0.006897	 -0.010860	 -1.033818

  Hx	 -1.084477	  0.056141	 -0.038219
  Hy	 -0.018992	 -1.095686	 -0.003444
  Hz	 -0.027966	  0.019383	 -1.006514

  Hx	 -1.004576	 -0.015388	  0.025279
  Hy	 -0.029603	 -0.992455	  0.002379
  Hz	  0.000238	 -0.010845	 -1.026053

  Hx	 -1.018789	 -0.024525	 -0.012871
  Hy	  0.000200	 -1.010843	  0.003895
  Hz	 -0.000871	 -0.008994	 -1.002484

  Ox	 -8.190580	  0.051382	  0.009540
  Oy	  0.061198	 -8.420607	  0.022573
  Oz	  0.076917	 -0.033666	 -8.503064

  Hx	 -0.785161	 -0.029923	 -0.014352
  Hy	 -0.133865	 -0.813635	  0.015496
  Hz	 -0.015136	  0.019331	 -0.717726

  Hx	 -1.039742	  0.020285	  0.003777
  Hy	  0.007727	 -1.046602	 -0.015557
  Hz	  0.003771	  0.024395	 -1.096772


	Atomic Polar Tensor:

	Units: au

	Terms: Electronic + Nuclear

	     Ex		     Ey		     Ez
  Cx	  0.203711	 -0.042850	 -0.016879
  Cy	  0.022435	  0.275819	 -0.046624
  Cz	 -0.070510	 -0.009265	  0.332721

  Cx	  0.300241	  0.124694	  0.089635
  Cy	 -0.000937	  0.250193	 -0.013701
  Cz	  0.119280	  0.055615	  0.100316

  Nx	 -0.464431	 -0.022840	 -0.042611
  Ny	  0.102369	 -0.560892	  0.065318
  Nz	 -0.036126	  0.044977	 -0.199093

  Hx	 -0.037853	 -0.029142	  0.057436
  Hy	  0.056054	  0.209357	 -0.095687
  Hz	 -0.042700	 -0.090070	  0.152486

  Hx	  0.121658	 -0.087834	 -0.060735
  Hy	 -0.066587	  0.205349	  0.065352
  Hz	 -0.006897	 -0.010860	 -0.033818

  Hx	 -0.084477	  0.056141	 -0.038219
  Hy	 -0.018992	 -0.095686	 -0.003444
  Hz	 -0.027966	  0.019383	 -0.006514

  Hx	 -0.004576	 -0.015388	  0.025279
  Hy	 -0.029603	  0.007545	  0.002379
  Hz	  0.000238	 -0.010845	 -0.026053

  Hx	 -0.018789	 -0.024525	 -0.012871
  Hy	  0.000200	 -0.010843	  0.003895
  Hz	 -0.000871	 -0.008994	 -0.002484

  Ox	 -0.190580	  0.051382	  0.009540
  Oy	  0.061198	 -0.420607	  0.022573
  Oz	  0.076917	 -0.033666	 -0.503064

  Hx	  0.214839	 -0.029923	 -0.014352
  Hy	 -0.133865	  0.186365	  0.015496
  Hz	 -0.015136	  0.019331	  0.282274

  Hx	 -0.039742	  0.020285	  0.003777
  Hy	  0.007727	 -0.046602	 -0.015557
  Hz	  0.003771	  0.024395	 -0.096772


	Writing Cartesian Force Constants to PSIF_OPTKING file

	        Harmonic Frequency   Infrared Intensity
	              (cm-1)               (km/mol)    
	-----------------------------------------------
	    1            4614.794           20.5819
	    2            4207.822            0.2316
	    3            4020.334            0.6081
	    4            3714.655            8.6626
	    5            3696.951            5.8177
	    6            3599.422           10.7934
	    7            3589.237            7.7263
	    8            1988.847           10.3971
	    9            1845.999            5.9120
	   10            1828.769            0.6566
	   11            1775.936           49.4872
	   12            1700.407           23.8551
	   13            1633.467            0.2049
	   14            1508.336            5.3532
	   15            1469.113           15.6161
	   16            1408.215            5.0056
	   17            1315.176           11.7889
	   18            1285.357            6.9429
	   19            1188.460           14.3148
	   20            1109.399            7.3725
	   21            1034.176            3.0859
	   22             921.189           92.0675
	   23             615.810            6.3450
	   24             366.428            4.6798
	   25             215.793           35.0046
	   26             111.006           21.9600
	   27               0.001            0.0000
	   28               0.001            0.0000
	   29               0.001            0.0000
	   30             113.174i          25.8641
	   31             167.754i           2.7769
	   32             212.104i          26.8485
	   33             576.559i          58.0435
	-----------------------------------------------

Normal Modes (mass-weighted)

   Frequency:      576.56i
   IR Intensity:    58.04
	     X       Y       Z 	
  C 	  -0.005  -0.003  -0.004
  C 	  -0.002   0.013  -0.010
  N 	  -0.002   0.002   0.034
  H 	  -0.048   0.084  -0.096
  H 	   0.143  -0.132   0.032
  H 	   0.008   0.006  -0.035
  H 	  -0.009   0.047  -0.012
  H 	  -0.010   0.013  -0.012
  O 	   0.006  -0.023  -0.067
  H 	  -0.061   0.203   0.887
  H 	  -0.006   0.002  -0.002

   Frequency:      212.10i
   IR Intensity:    26.85
	     X       Y       Z 	
  C 	  -0.007   0.031   0.028
  C 	   0.018  -0.017   0.115
  N 	   0.010   0.017   0.020
  H 	   0.089  -0.131   0.243
  H 	  -0.204   0.215   0.026
  H 	  -0.005   0.022   0.237
  H 	   0.074  -0.134   0.124
  H 	   0.025  -0.032   0.098
  O 	  -0.009  -0.033  -0.169
  H 	  -0.031   0.014  -0.081
  H 	  -0.065   0.179   0.038

   Frequency:      167.75i
   IR Intensity:     2.78
	     X       Y       Z 	
  C 	   0.077  -0.054   0.045
  C 	   0.053   0.070  -0.031
  N 	  -0.018   0.107  -0.021
  H 	  -0.012   0.157  -0.013
  H 	  -0.026   0.100  -0.020
  H 	   0.134   0.090  -0.088
  H 	   0.000   0.104  -0.034
  H 	   0.131  -0.141   0.124
  O 	  -0.096  -0.125   0.009
  H 	  -0.171  -0.002  -0.047
  H 	   0.156  -0.001   0.052

   Frequency:      113.17i
   IR Intensity:    25.86
	     X       Y       Z 	
  C 	   0.008  -0.024  -0.090
  C 	   0.014   0.038  -0.070
  N 	   0.019  -0.011   0.099
  H 	   0.176  -0.203   0.528
  H 	  -0.408   0.063   0.132
  H 	  -0.006  -0.008  -0.152
  H 	   0.046   0.152  -0.082
  H 	   0.021   0.006  -0.166
  O 	  -0.019   0.003   0.019
  H 	  -0.044   0.050   0.078
  H 	  -0.006  -0.122  -0.097

   Frequency:      111.01
   IR Intensity:    21.96
	     X       Y       Z 	
  C 	  -0.025  -0.067  -0.117
  C 	   0.056  -0.005   0.071
  N 	  -0.076   0.074   0.059
  H 	  -0.136   0.289  -0.120
  H 	   0.081   0.028   0.047
  H 	   0.073   0.057   0.194
  H 	   0.199  -0.080   0.075
  H 	   0.048  -0.023  -0.314
  O 	   0.034  -0.009   0.003
  H 	   0.073  -0.084  -0.064
  H 	  -0.190  -0.217  -0.134

   Frequency:      215.79
   IR Intensity:    35.00
	     X       Y       Z 	
  C 	   0.006   0.023   0.004
  C 	  -0.010   0.032  -0.033
  N 	   0.005  -0.039   0.153
  H 	  -0.095   0.170  -0.132
  H 	   0.268  -0.342   0.149
  H 	  -0.022  -0.045  -0.200
  H 	  -0.053   0.215  -0.048
  H 	   0.010  -0.025   0.085
  O 	  -0.011  -0.008  -0.084
  H 	   0.008  -0.067  -0.329
  H 	   0.041   0.115   0.011

   Frequency:      366.43
   IR Intensity:     4.68
	     X       Y       Z 	
  C 	  -0.038   0.007  -0.058
  C 	   0.013   0.039   0.058
  N 	   0.153  -0.023  -0.006
  H 	   0.103  -0.167  -0.124
  H 	   0.302  -0.044  -0.016
  H 	  -0.073   0.018   0.124
  H 	   0.082  -0.024   0.062
  H 	   0.056  -0.006  -0.180
  O 	  -0.126   0.000   0.020
  H 	  -0.164   0.064  -0.024
  H 	  -0.147  -0.083  -0.069

   Frequency:      615.81
   IR Intensity:     6.35
	     X       Y       Z 	
  C 	  -0.083  -0.080   0.049
  C 	  -0.078   0.084   0.031
  N 	   0.056   0.053  -0.018
  H 	   0.051  -0.176  -0.008
  H 	   0.079   0.119  -0.021
  H 	   0.034   0.042  -0.218
  H 	  -0.263   0.266   0.018
  H 	  -0.014  -0.052  -0.115
  O 	   0.087  -0.043  -0.023
  H 	   0.142  -0.146  -0.023
  H 	  -0.261  -0.142   0.039

   Frequency:      921.19
   IR Intensity:    92.07
	     X       Y       Z 	
  C 	  -0.019  -0.024  -0.013
  C 	  -0.040   0.015  -0.041
  N 	  -0.009   0.101  -0.000
  H 	   0.051  -0.416   0.144
  H 	   0.145  -0.548   0.057
  H 	   0.020   0.188   0.272
  H 	   0.129  -0.267  -0.017
  H 	  -0.118  -0.023   0.134
  O 	   0.026  -0.014   0.006
  H 	   0.034  -0.039  -0.029
  H 	   0.154   0.038  -0.002

   Frequency:     1034.18
   IR Intensity:     3.09
	     X       Y       Z 	
  C 	  -0.128  -0.055  -0.015
  C 	   0.021  -0.027  -0.059
  N 	   0.083   0.028   0.030
  H 	   0.072   0.311  -0.012
  H 	  -0.017   0.267   0.013
  H 	  -0.011  -0.007   0.041
  H 	   0.229  -0.057  -0.067
  H 	  -0.371  -0.050   0.330
  O 	  -0.003   0.009   0.006
  H 	   0.102  -0.166   0.052
  H 	   0.182   0.149   0.015

   Frequency:     1109.40
   IR Intensity:     7.37
	     X       Y       Z 	
  C 	   0.053  -0.002  -0.079
  C 	  -0.105   0.097   0.028
  N 	  -0.017  -0.053   0.020
  H 	  -0.108  -0.136  -0.164
  H 	   0.050   0.310  -0.022
  H 	  -0.340   0.045   0.191
  H 	   0.166   0.074   0.030
  H 	   0.070  -0.114   0.118
  O 	   0.039  -0.037   0.014
  H 	   0.031  -0.030   0.024
  H 	   0.387   0.041  -0.069

   Frequency:     1188.46
   IR Intensity:    14.31
	     X       Y       Z 	
  C 	  -0.002   0.039   0.057
  C 	  -0.053   0.065  -0.070
  N 	   0.052  -0.030   0.003
  H 	   0.088   0.468   0.064
  H 	  -0.210  -0.132   0.017
  H 	  -0.249   0.111   0.286
  H 	  -0.088  -0.370  -0.031
  H 	   0.145   0.045  -0.178
  O 	   0.024  -0.048  -0.003
  H 	   0.003  -0.020  -0.028
  H 	  -0.142  -0.160   0.039

   Frequency:     1285.36
   IR Intensity:     6.94
	     X       Y       Z 	
  C 	   0.030   0.079  -0.010
  C 	  -0.042  -0.085  -0.009
  N 	   0.019   0.073   0.029
  H 	   0.007  -0.036  -0.011
  H 	   0.135   0.166   0.023
  H 	  -0.158  -0.173  -0.063
  H 	  -0.044   0.012  -0.019
  H 	  -0.360   0.466  -0.138
  O 	   0.025  -0.089   0.009
  H 	  -0.156   0.191  -0.092
  H 	   0.058  -0.149  -0.024

   Frequency:     1315.18
   IR Intensity:    11.79
	     X       Y       Z 	
  C 	  -0.050   0.035   0.053
  C 	   0.078   0.103  -0.019
  N 	  -0.044  -0.095  -0.019
  H 	  -0.086  -0.148  -0.083
  H 	  -0.053  -0.014  -0.036
  H 	   0.219   0.222   0.079
  H 	   0.394   0.134  -0.028
  H 	  -0.291   0.286  -0.056
  O 	   0.015  -0.047  -0.002
  H 	  -0.045   0.040  -0.046
  H 	  -0.092  -0.104   0.051

   Frequency:     1408.21
   IR Intensity:     5.01
	     X       Y       Z 	
  C 	  -0.032   0.075  -0.101
  C 	   0.030   0.024   0.043
  N 	  -0.001  -0.010  -0.032
  H 	   0.045   0.106   0.068
  H 	  -0.094  -0.199  -0.012
  H 	  -0.026  -0.043  -0.051
  H 	  -0.142   0.084   0.044
  H 	  -0.035  -0.044   0.119
  O 	   0.036  -0.093   0.063
  H 	  -0.012  -0.039   0.034
  H 	  -0.257   0.569  -0.068

   Frequency:     1469.11
   IR Intensity:    15.62
	     X       Y       Z 	
  C 	  -0.038   0.058   0.060
  C 	   0.027  -0.041  -0.060
  N 	  -0.021   0.043  -0.004
  H 	  -0.008  -0.147   0.022
  H 	   0.107   0.041  -0.002
  H 	  -0.401  -0.266  -0.022
  H 	   0.493   0.174  -0.095
  H 	   0.327  -0.174  -0.065
  O 	   0.005  -0.019   0.007
  H 	   0.077  -0.142   0.048
  H 	  -0.243   0.035   0.059

   Frequency:     1508.34
   IR Intensity:     5.35
	     X       Y       Z 	
  C 	  -0.029  -0.002  -0.002
  C 	   0.032   0.021   0.097
  N 	   0.002   0.004  -0.074
  H 	   0.115   0.232   0.163
  H 	  -0.148  -0.400  -0.030
  H 	  -0.290  -0.220  -0.054
  H 	   0.063   0.322   0.085
  H 	  -0.112   0.052   0.022
  O 	  -0.006   0.006  -0.018
  H 	   0.041  -0.067   0.004
  H 	   0.363  -0.299  -0.011

   Frequency:     1633.47
   IR Intensity:     0.20
	     X       Y       Z 	
  C 	   0.089  -0.144   0.016
  C 	  -0.001   0.038  -0.002
  N 	  -0.004   0.002  -0.013
  H 	   0.002   0.051  -0.007
  H 	  -0.039  -0.069  -0.006
  H 	  -0.349  -0.133   0.050
  H 	   0.124   0.038  -0.003
  H 	  -0.279   0.085   0.133
  O 	   0.006   0.047  -0.006
  H 	  -0.155   0.313  -0.081
  H 	  -0.394   0.194   0.027

   Frequency:     1700.41
   IR Intensity:    23.86
	     X       Y       Z 	
  C 	  -0.017   0.001   0.000
  C 	   0.150   0.064  -0.028
  N 	  -0.036  -0.001   0.023
  H 	  -0.086  -0.240  -0.072
  H 	   0.068   0.109   0.009
  H 	  -0.366  -0.184   0.055
  H 	  -0.460  -0.247   0.010
  H 	  -0.127   0.065   0.046
  O 	  -0.017   0.003  -0.006
  H 	   0.122  -0.230   0.059
  H 	   0.025  -0.076  -0.002

   Frequency:     1775.94
   IR Intensity:    49.49
	     X       Y       Z 	
  C 	   0.099  -0.021   0.012
  C 	  -0.045  -0.013   0.002
  N 	   0.011   0.005  -0.006
  H 	   0.018   0.022   0.011
  H 	  -0.037  -0.031   0.000
  H 	   0.023   0.073   0.098
  H 	   0.060   0.141  -0.009
  H 	  -0.139   0.332  -0.237
  O 	  -0.061   0.010  -0.008
  H 	   0.318  -0.601   0.159
  H 	  -0.056   0.242   0.017

   Frequency:     1828.77
   IR Intensity:     0.66
	     X       Y       Z 	
  C 	   0.053   0.059  -0.039
  C 	  -0.007  -0.038  -0.022
  N 	   0.005  -0.002   0.000
  H 	   0.008   0.011   0.006
  H 	   0.003   0.010  -0.001
  H 	   0.038   0.142   0.322
  H 	  -0.132   0.318  -0.050
  H 	  -0.094  -0.122   0.517
  O 	  -0.009  -0.003  -0.002
  H 	   0.062  -0.114   0.036
  H 	  -0.358  -0.428  -0.085

   Frequency:     1846.00
   IR Intensity:     5.91
	     X       Y       Z 	
  C 	   0.046   0.039  -0.025
  C 	  -0.040   0.052   0.047
  N 	   0.005   0.005  -0.000
  H 	  -0.017  -0.010  -0.047
  H 	  -0.076  -0.039   0.008
  H 	   0.065  -0.147  -0.549
  H 	   0.270  -0.475   0.085
  H 	  -0.085  -0.008   0.276
  O 	  -0.013  -0.004  -0.002
  H 	   0.094  -0.177   0.055
  H 	  -0.186  -0.230  -0.050

   Frequency:     1988.85
   IR Intensity:    10.40
	     X       Y       Z 	
  C 	   0.009  -0.003  -0.003
  C 	  -0.008   0.028  -0.003
  N 	  -0.059  -0.042  -0.030
  H 	   0.209   0.189   0.591
  H 	   0.650   0.155  -0.086
  H 	   0.014   0.035  -0.034
  H 	   0.001  -0.076   0.004
  H 	  -0.027   0.012   0.024
  O 	  -0.001   0.001  -0.000
  H 	   0.015  -0.028  -0.001
  H 	  -0.024  -0.006  -0.006

   Frequency:     3589.24
   IR Intensity:     7.73
	     X       Y       Z 	
  C 	   0.011   0.015  -0.011
  C 	   0.026  -0.054  -0.030
  N 	  -0.000   0.000   0.001
  H 	   0.007  -0.001  -0.006
  H 	  -0.001   0.008   0.003
  H 	  -0.313   0.572  -0.251
  H 	   0.015   0.046   0.582
  H 	  -0.127  -0.160  -0.089
  O 	  -0.001   0.001  -0.000
  H 	   0.002   0.002   0.001
  H 	  -0.009  -0.014   0.232

   Frequency:     3599.42
   IR Intensity:    10.79
	     X       Y       Z 	
  C 	  -0.035  -0.039   0.041
  C 	   0.011  -0.017  -0.015
  N 	   0.000   0.000   0.000
  H 	   0.003  -0.000  -0.002
  H 	  -0.001   0.002   0.000
  H 	  -0.101   0.177  -0.078
  H 	   0.010   0.019   0.233
  H 	   0.339   0.415   0.231
  O 	   0.001  -0.000   0.000
  H 	  -0.009   0.009  -0.005
  H 	   0.014   0.049  -0.697

   Frequency:     3696.95
   IR Intensity:     5.82
	     X       Y       Z 	
  C 	  -0.008  -0.010  -0.013
  C 	   0.025  -0.036   0.078
  N 	  -0.000  -0.000  -0.002
  H 	   0.007   0.002  -0.006
  H 	  -0.004  -0.004   0.016
  H 	  -0.276   0.495  -0.213
  H 	  -0.013  -0.059  -0.698
  H 	   0.094   0.117   0.062
  O 	  -0.000   0.000  -0.000
  H 	  -0.002   0.004  -0.000
  H 	   0.002  -0.007   0.088

   Frequency:     3714.66
   IR Intensity:     8.66
	     X       Y       Z 	
  C 	   0.034   0.040   0.073
  C 	   0.004  -0.006   0.016
  N 	  -0.000  -0.000  -0.000
  H 	  -0.000  -0.001  -0.001
  H 	  -0.002  -0.001   0.005
  H 	  -0.047   0.083  -0.037
  H 	   0.001  -0.014  -0.151
  H 	  -0.412  -0.501  -0.272
  O 	  -0.000  -0.001  -0.000
  H 	   0.006  -0.003   0.006
  H 	   0.020   0.043  -0.601

   Frequency:     4020.33
   IR Intensity:     0.61
	     X       Y       Z 	
  C 	   0.000   0.000  -0.000
  C 	  -0.000   0.006  -0.001
  N 	  -0.047  -0.009  -0.031
  H 	   0.615  -0.009  -0.268
  H 	   0.033   0.070   0.700
  H 	   0.012  -0.007   0.008
  H 	   0.001  -0.000   0.008
  H 	  -0.000   0.000   0.000
  O 	  -0.000  -0.000   0.000
  H 	   0.004   0.002  -0.001
  H 	  -0.000  -0.000   0.001

   Frequency:     4207.82
   IR Intensity:     0.23
	     X       Y       Z 	
  C 	  -0.000  -0.000  -0.000
  C 	  -0.000  -0.000  -0.001
  N 	   0.043  -0.005  -0.065
  H 	  -0.643   0.035   0.249
  H 	   0.055   0.039   0.653
  H 	  -0.000  -0.000   0.001
  H 	   0.001   0.003   0.008
  H 	   0.001   0.001   0.001
  O 	   0.000   0.000   0.000
  H 	  -0.002  -0.001  -0.001
  H 	  -0.001   0.000   0.001

   Frequency:     4614.79
   IR Intensity:    20.58
	     X       Y       Z 	
  C 	   0.002  -0.001   0.001
  C 	   0.000  -0.001   0.000
  N 	   0.000  -0.000   0.000
  H 	   0.004   0.002  -0.003
  H 	  -0.000  -0.000   0.001
  H 	   0.002   0.003  -0.000
  H 	   0.001   0.001  -0.000
  H 	  -0.000  -0.006  -0.002
  O 	   0.050   0.033  -0.005
  H 	  -0.829  -0.493   0.058
  H 	   0.002  -0.004   0.002

	Electronic Contributions to AAT (au):

	     Bx		     By		     Bz
  Cx	 -0.018354	 -0.202819	 -0.463686
  Cy	  0.200973	 -0.021469	  0.456563
  Cz	  0.488119	 -0.519294	  0.026425

  Cx	  0.010682	  0.131653	 -0.487139
  Cy	 -0.154091	  0.004729	 -0.397113
  Cz	  0.487224	  0.395556	  0.010600

  Nx	  0.070607	 -0.112429	  0.215789
  Ny	 -0.098340	  0.219806	 -0.376302
  Nz	 -0.437884	  0.810522	 -0.358032

  Hx	  0.057895	 -0.156202	  0.298685
  Hy	 -0.048085	  0.019760	 -0.255939
  Hz	 -0.028034	  0.196574	 -0.049022

  Hx	 -0.057550	  0.003426	 -0.003744
  Hy	  0.123947	 -0.007540	 -0.047303
  Hz	 -0.234336	  0.539302	  0.037309

  Hx	  0.065305	  0.035048	 -0.139776
  Hy	 -0.107099	 -0.080511	 -0.164235
  Hz	  0.162841	  0.111013	  0.016515

  Hx	 -0.014815	  0.115283	 -0.047390
  Hy	 -0.092339	  0.043766	 -0.037243
  Hz	  0.237343	  0.209487	 -0.021612

  Hx	  0.078156	 -0.054676	 -0.100432
  Hy	  0.071986	 -0.111031	  0.175692
  Hz	  0.146836	 -0.159352	  0.020581

  Ox	 -0.015805	  0.105678	  0.610048
  Oy	 -0.020349	  0.278334	  1.200526
  Oz	 -0.103201	 -0.185076	 -0.237280

  Hx	 -0.006646	  0.037544	  0.330171
  Hy	 -0.030532	  0.038144	  0.176853
  Hz	 -0.125046	  0.059009	 -0.061296

  Hx	 -0.018439	 -0.114635	 -0.060123
  Hy	  0.091330	  0.037029	  0.067233
  Hz	  0.227490	 -0.297038	 -0.014565


	Atomic Axial Tensor:

	Units: au

	Terms: Electronic + Nuclear

	     Bx		     By		     Bz
  Cx	 -0.018354	  0.548389	  1.282858
  Cy	 -0.550234	 -0.021469	 -1.858295
  Cz	 -1.258424	  1.795563	  0.026425

  Cx	  0.010682	 -0.605606	  1.468999
  Cy	  0.583168	  0.004729	  1.354079
  Cz	 -1.468914	 -1.355636	  0.010600

  Nx	  0.070607	  0.259903	 -1.525386
  Ny	 -0.470673	  0.219806	  4.168130
  Nz	  1.303291	 -3.733911	 -0.358032

  Hx	  0.057895	 -0.275506	  0.071547
  Hy	  0.071219	  0.019760	  0.843210
  Hz	  0.199104	 -0.902575	 -0.049022

  Hx	 -0.057550	  0.536375	 -0.286072
  Hy	 -0.409003	 -0.007540	  0.641927
  Hz	  0.047992	 -0.149928	  0.037309

  Hx	  0.065305	  0.093171	  0.609834
  Hy	 -0.165222	 -0.080511	  0.359255
  Hz	 -0.586770	 -0.412477	  0.016515

  Hx	 -0.014815	 -0.520961	  0.327659
  Hy	  0.543905	  0.043766	  0.244655
  Hz	 -0.137706	 -0.072410	 -0.021612

  Hx	  0.078156	 -0.127619	  0.558465
  Hy	  0.144929	 -0.111031	 -0.512084
  Hz	 -0.512062	  0.528425	  0.020581

  Ox	 -0.015805	 -0.436644	 -1.886752
  Oy	  0.521974	  0.278334	 -3.444785
  Oz	  2.393598	  4.460234	 -0.237280

  Hx	 -0.006646	 -0.055032	 -0.207580
  Hy	  0.062044	  0.038144	 -0.012667
  Hz	  0.412705	  0.248529	 -0.061296

  Hx	 -0.018439	  0.524514	  0.264996
  Hy	 -0.547819	  0.037029	 -0.335379
  Hz	 -0.097629	  0.105574	 -0.014565


	Atomic Axial Tensor:

	Units: au

	Terms: Electronic + Nuclear

	     Bx		     By		     Bz
  Q1	  0.364371	 -0.009511	  0.000834
  Q2	 -1.083591	 -1.450952	  0.203763
  Q3	 -0.086753	  0.483749	  2.032992
  Q4	  0.921480	 -1.144845	  0.105229
  Q5	  0.016095	 -0.000594	  0.108050
  Q6	 -0.043084	 -0.052569	  0.115973
  Q7	  0.021160	 -0.066933	 -0.152548
  Q8	  0.180687	 -0.902082	  0.931715
  Q9	  0.170913	 -0.505366	 -0.295639
  Q10	  0.082144	 -0.057284	 -0.288262
  Q11	  0.175202	  0.051374	  0.064964
  Q12	 -0.176475	 -0.045959	 -0.298233
  Q13	 -0.240245	  0.102112	  0.187045
  Q14	 -0.196197	  0.133134	  0.033068
  Q15	 -0.059859	 -0.322706	  0.069925
  Q16	  0.064457	  0.009850	 -0.232770
  Q17	  0.053636	 -0.176964	 -0.092088
  Q18	 -0.070253	  0.014175	 -0.220180
  Q19	  0.063718	 -0.195390	  0.006977
  Q20	  0.315821	 -0.033080	 -0.001768
  Q21	 -0.095259	 -0.102796	 -0.251893
  Q22	 -0.116949	  0.171151	 -0.402157
  Q23	  0.040577	 -0.146473	 -0.142932
  Q24	 -0.041090	  0.013022	  0.095116
  Q25	  0.042301	  0.066174	 -0.042800
  Q26	  0.002213	 -0.122720	 -0.002007
  Q27	 -0.009794	 -0.004167	 -0.020463

	Rotational Strength (au):

  Q1	  -0.010832180778237
  Q2	   0.003933687312807
  Q3	  -0.010347809178952
  Q4	  -0.007832201704366
  Q5	   0.008372720249209
  Q6	  -0.003274729941404
  Q7	   0.002829030050697
  Q8	   0.015266500168657
  Q9	   0.009715303900378
  Q10	  -0.006553493327345
  Q11	   0.119799260657045
  Q12	  -0.175164350023865
  Q13	  -0.000448753845683
  Q14	   0.081056297175682
  Q15	   0.103280799085777
  Q16	   0.053033109055646
  Q17	  -0.102024459721340
  Q18	   0.007703936378419
  Q19	  -0.175864732493615
  Q20	   0.064446483184988
  Q21	   0.046122174544570
  Q22	   0.050534076479572
  Q23	  -0.035059309545738
  Q24	   0.049247633650448
  Q25	   0.358336314668454
  Q26	  -0.393753556379956
  Q27	  -0.000000000000452

	Rotational Strength (10^-44 esu^2 cm^2):

  Q1	   1.214292963705555
  Q2	  -0.440968344523539
  Q3	   1.159994661556364
  Q4	   0.877993786721329
  Q5	  -0.938586189967973
  Q6	   0.367098888699476
  Q7	  -0.317135704711944
  Q8	  -1.711382418252659
  Q9	  -1.089090498765708
  Q10	   0.734649928578934
  Q11	 -13.429557930314624
  Q12	  19.636012551910991
  Q13	   0.050305533890594
  Q14	  -9.086452057946026
  Q15	 -11.577830003327803
  Q16	  -5.945038444989875
  Q17	  11.436993722850703
  Q18	  -0.863615178574616
  Q19	  19.714525782287414
  Q20	  -7.224483478370662
  Q21	  -5.170319178275822
  Q22	  -5.664895624691422
  Q23	   3.930166396345218
  Q24	  -5.520684730542246
  Q25	 -40.169682767507545
  Q26	  44.139973541322952
  Q27	   0.000000000050620
******************************************************************************
CPHF tstop called on buchner.chem.hope.edu
Fri Apr 29 14:03:17 2011

user time   =       1.56 seconds =       0.03 minutes
system time =       0.23 seconds =       0.00 minutes
total time  =          2 seconds =       0.03 minutes

                          --------------------------
                          PSI3 Computation Completed
                          --------------------------

PSI3 stopped on buchner.chem.hope.edu at Fri Apr 29 14:03:17 2011

Total PSI3 wall time          7 seconds =       0.12 minutes
******************************************************************************Removing files /tmp/78642
-rw-r--r--  1 webmodemo webmodemo    8832 Apr 29 14:03 /tmp/78642.1
-rw-r--r--  1 webmodemo webmodemo       8 Apr 29 14:03 /tmp/78642.100
-rw-r--r--  1 webmodemo webmodemo  807680 Apr 29 14:03 /tmp/78642.35
-rw-r--r--  1 webmodemo webmodemo    8832 Apr 29 14:03 /tmp/78642.40
-rw-r--r--  1 webmodemo webmodemo 1192320 Apr 29 14:03 /tmp/78642.72
-rw-r--r--  1 webmodemo webmodemo  445304 Apr 29 14:03 /tmp/78642.78


 The PSI3 Execution Driver 

PSI3 will perform a RHF SCF analytic frequency computation.

The following programs will be executed:

 input
 cints
 cscf
 transqt2
 cints --deriv2
 cints --oeprop
 cphf
 psiclean

input
cints
cscf
transqt2
cints --deriv2
cints --oeprop
cphf
psiclean
